INFO [2019-12-17 12:11:16] $x
INFO [2019-12-17 12:11:16] list(ATP.3um_Control_DEG = atp.3_ctl_deg$Symbol, ATP.500_Control_DEG = atp.500_ctl_deg$Symbol)
INFO [2019-12-17 12:11:16] 
INFO [2019-12-17 12:11:16] $filename
INFO [2019-12-17 12:11:16] [1] "ATP.3um_DEG_VS_ATP.500um_DEG.tiff"
INFO [2019-12-17 12:11:16] 
INFO [2019-12-17 12:11:16] $fill
INFO [2019-12-17 12:11:16] brewer.pal(n = 4, name = "Set1")[1:2]
INFO [2019-12-17 12:11:16] 
INFO [2019-12-17 12:11:16] $main
INFO [2019-12-17 12:11:16] [1] "differential expressed genes"
INFO [2019-12-17 12:11:16] 
INFO [2019-12-17 12:11:16] $main.cex
INFO [2019-12-17 12:11:16] [1] 3
INFO [2019-12-17 12:11:16] 
INFO [2019-12-17 12:11:16] $resolution
INFO [2019-12-17 12:11:16] [1] 300
INFO [2019-12-17 12:11:16] 
INFO [2019-12-17 12:11:16] $cat.cex
INFO [2019-12-17 12:11:16] [1] 1.2
INFO [2019-12-17 12:11:16] 
INFO [2019-12-17 12:11:16] $cat.pos
INFO [2019-12-17 12:11:16] [1] 180
INFO [2019-12-17 12:11:16] 
INFO [2019-12-17 12:11:16] $cat.col
INFO [2019-12-17 12:11:16] brewer.pal(n = 4, name = "Set1")[1:2]
INFO [2019-12-17 12:11:16] 
INFO [2019-12-17 12:11:16] $category.names
INFO [2019-12-17 12:11:16] c("3uM ATP vs Control", "500uM ATP vs Control")
INFO [2019-12-17 12:11:16] 
